#
# There is insufficient memory for the Java Runtime Environment to continue.
# Native memory allocation (mmap) failed to map 268435456 bytes for Failed to commit area from 0x0000000701e00000 to 0x0000000711e00000 of length 268435456.
# Possible reasons:
#   The system is out of physical RAM or swap space
#   The process is running with CompressedOops enabled, and the Java Heap may be blocking the growth of the native heap
# Possible solutions:
#   Reduce memory load on the system
#   Increase physical memory or swap space
#   Check if swap backing store is full
#   Decrease Java heap size (-Xmx/-Xms)
#   Decrease number of Java threads
#   Decrease Java thread stack sizes (-Xss)
#   Set larger code cache with -XX:ReservedCodeCacheSize=
# This output file may be truncated or incomplete.
#
#  Out of Memory Error (./src/hotspot/os/windows/os_windows.cpp:3619), pid=22200, tid=21292
#
# JRE version:  (11.0.13) (build )
# Java VM: OpenJDK 64-Bit Server VM (11.0.13+0-b1751.21-8125866, mixed mode, sharing, tiered, compressed oops, g1 gc, windows-amd64)
# No core dump will be written. Minidumps are not enabled by default on client versions of Windows
#

---------------  S U M M A R Y ------------

Command Line: org.jetbrains.kotlin.cli.jvm.K2JVMCompiler @G:\Task1\build\app\20230923_18239468853886064362.compiler.options

Host: Intel(R) Core(TM) i7-8565U CPU @ 1.80GHz, 8 cores, 15G,  Windows 11 , 64 bit Build 22621 (10.0.22621.1928)
Time: Sat Sep 23 18:31:07 2023 Egypt Daylight Time elapsed time: 0.147113 seconds (0d 0h 0m 0s)

---------------  T H R E A D  ---------------

Current thread (0x000001cf930cb800):  JavaThread "Unknown thread" [_thread_in_vm, id=21292, stack(0x000000c4c5f00000,0x000000c4c6000000)]

Stack: [0x000000c4c5f00000,0x000000c4c6000000]
Native frames: (J=compiled Java code, j=interpreted, Vv=VM code, C=native code)
V  [jvm.dll+0x6100fa]
V  [jvm.dll+0x747090]
V  [jvm.dll+0x7486ad]
V  [jvm.dll+0x748d83]
V  [jvm.dll+0x24ab48]
V  [jvm.dll+0x60d164]
V  [jvm.dll+0x601e75]
V  [jvm.dll+0x308bdb]
V  [jvm.dll+0x308b4a]
V  [jvm.dll+0x308a22]
V  [jvm.dll+0x30d986]
V  [jvm.dll+0x357093]
V  [jvm.dll+0x357796]
V  [jvm.dll+0x357193]
V  [jvm.dll+0x2e3448]
V  [jvm.dll+0x2e45f7]
V  [jvm.dll+0x7242e7]
V  [jvm.dll+0x725adc]
V  [jvm.dll+0x364629]
V  [jvm.dll+0x707cee]
V  [jvm.dll+0x3d2633]
V  [jvm.dll+0x3d4a21]
C  [jli.dll+0x536b]
C  [ucrtbase.dll+0x29363]
C  [KERNEL32.DLL+0x126ad]
C  [ntdll.dll+0x5aa68]


---------------  P R O C E S S  ---------------

Threads class SMR info:
_java_thread_list=0x000001cf92ff4cf0, length=0, elements={
}

Java Threads: ( => current thread )

Other Threads:
  0x000001cf95340800 GCTaskThread "GC Thread#0" [stack: 0x000000c4c6000000,0x000000c4c6100000] [id=4136]
  0x000001cf9539b800 ConcurrentGCThread "G1 Main Marker" [stack: 0x000000c4c6100000,0x000000c4c6200000] [id=2772]
  0x000001cf9539d800 ConcurrentGCThread "G1 Conc#0" [stack: 0x000000c4c6200000,0x000000c4c6300000] [id=10960]

[error occurred during error reporting (printing all threads), id 0xc0000005, EXCEPTION_ACCESS_VIOLATION (0xc0000005) at pc=0x00007ffde7133dd7]

VM state:not at safepoint (not fully initialized)

VM Mutex/Monitor currently owned by a thread:  ([mutex/lock_event])
[0x000001cf95328350] Heap_lock - owner thread: 0x000001cf930cb800

Heap address: 0x0000000701e00000, size: 4066 MB, Compressed Oops mode: Non-zero based: 0x0000000701e00000
Narrow klass base: 0x0000000000000000, Narrow klass shift: 0

GC Heap History (0 events):
No events

Deoptimization events (0 events):
No events

Classes redefined (0 events):
No events

Internal exceptions (0 events):
No events

Events (1 events):
Event: 0.104 Loaded shared library C:\Program Files\Android\Android Studio\jre\bin\zip.dll


Dynamic libraries:
0x00007ff73d540000 - 0x00007ff73d54a000 	C:\Program Files\Android\Android Studio\jre\bin\java.exe
0x00007ffdfef10000 - 0x00007ffdff124000 	C:\WINDOWS\SYSTEM32\ntdll.dll
0x00007ffdb0af0000 - 0x00007ffdb0b09000 	C:\Program Files\Avast Software\Avast\aswhook.dll
0x00007ffdfd040000 - 0x00007ffdfd102000 	C:\WINDOWS\System32\KERNEL32.DLL
0x00007ffdfc400000 - 0x00007ffdfc7a3000 	C:\WINDOWS\System32\KERNELBASE.dll
0x00007ffdfcbd0000 - 0x00007ffdfcce1000 	C:\WINDOWS\System32\ucrtbase.dll
0x00007ffde88f0000 - 0x00007ffde8909000 	C:\Program Files\Android\Android Studio\jre\bin\jli.dll
0x00007ffdfd7a0000 - 0x00007ffdfd94a000 	C:\WINDOWS\System32\USER32.dll
0x00007ffdfc7b0000 - 0x00007ffdfc7d6000 	C:\WINDOWS\System32\win32u.dll
0x00007ffdfd220000 - 0x00007ffdfd249000 	C:\WINDOWS\System32\GDI32.dll
0x00007ffdfc7e0000 - 0x00007ffdfc8f9000 	C:\WINDOWS\System32\gdi32full.dll
0x00007ffdfc9c0000 - 0x00007ffdfca5a000 	C:\WINDOWS\System32\msvcp_win.dll
0x00007ffde88d0000 - 0x00007ffde88e7000 	C:\Program Files\Android\Android Studio\jre\bin\VCRUNTIME140.dll
0x00007ffdc9e40000 - 0x00007ffdca0ce000 	C:\WINDOWS\WinSxS\amd64_microsoft.windows.common-controls_6595b64144ccf1df_6.0.22621.1635_none_270f70857386168e\COMCTL32.dll
0x00007ffdfcd10000 - 0x00007ffdfcdb7000 	C:\WINDOWS\System32\msvcrt.dll
0x00007ffdfe2c0000 - 0x00007ffdfe2f1000 	C:\WINDOWS\System32\IMM32.DLL
0x000000006f550000 - 0x000000006f55c000 	C:\Program Files (x86)\360\Total Security\safemon\SafeWrapper.dll
0x00007ffdfddf0000 - 0x00007ffdfde9e000 	C:\WINDOWS\System32\ADVAPI32.dll
0x00007ffdfd110000 - 0x00007ffdfd1b4000 	C:\WINDOWS\System32\sechost.dll
0x00007ffdfe4d0000 - 0x00007ffdfe5e7000 	C:\WINDOWS\System32\RPCRT4.dll
0x00007ffd860b0000 - 0x00007ffd86142000 	C:\Program Files (x86)\360\Total Security\safemon\libzdtp64.dll
0x00007ffdfe6d0000 - 0x00007ffdfeec9000 	C:\WINDOWS\System32\SHELL32.dll
0x00007ffdfe470000 - 0x00007ffdfe4ce000 	C:\WINDOWS\System32\SHLWAPI.dll
0x00007ffdfbda0000 - 0x00007ffdfbdaa000 	C:\WINDOWS\SYSTEM32\VERSION.dll
0x00007ffde6ae0000 - 0x00007ffde6b7d000 	C:\Program Files\Android\Android Studio\jre\bin\msvcp140.dll
0x00007ffde6e40000 - 0x00007ffde7942000 	C:\Program Files\Android\Android Studio\jre\bin\server\jvm.dll
0x00007ffdfe400000 - 0x00007ffdfe408000 	C:\WINDOWS\System32\PSAPI.DLL
0x00007ffde9dd0000 - 0x00007ffde9dd9000 	C:\WINDOWS\SYSTEM32\WSOCK32.dll
0x00007ffdfcec0000 - 0x00007ffdfcf31000 	C:\WINDOWS\System32\WS2_32.dll
0x00007ffdf5560000 - 0x00007ffdf5594000 	C:\WINDOWS\SYSTEM32\WINMM.dll
0x00007ffdfb3d0000 - 0x00007ffdfb3e8000 	C:\WINDOWS\SYSTEM32\kernel.appcore.dll
0x00007ffdf9190000 - 0x00007ffdf91a1000 	C:\Program Files\Android\Android Studio\jre\bin\verify.dll
0x00007ffdf9ca0000 - 0x00007ffdf9ece000 	C:\WINDOWS\SYSTEM32\DBGHELP.DLL
0x00007ffdfdea0000 - 0x00007ffdfe229000 	C:\WINDOWS\System32\combase.dll
0x00007ffdfe5f0000 - 0x00007ffdfe6c7000 	C:\WINDOWS\System32\OLEAUT32.dll
0x00007ffdf3770000 - 0x00007ffdf37a2000 	C:\WINDOWS\SYSTEM32\dbgcore.DLL
0x00007ffdfc380000 - 0x00007ffdfc3fa000 	C:\WINDOWS\System32\bcryptPrimitives.dll
0x00007ffdf67a0000 - 0x00007ffdf67c9000 	C:\Program Files\Android\Android Studio\jre\bin\java.dll
0x00007ffdf9180000 - 0x00007ffdf918b000 	C:\Program Files\Android\Android Studio\jre\bin\jimage.dll
0x00007ffdf68f0000 - 0x00007ffdf6908000 	C:\Program Files\Android\Android Studio\jre\bin\zip.dll

dbghelp: loaded successfully - version: 4.0.5 - missing functions: none
symbol engine: initialized successfully - sym options: 0x614 - pdb path: .;C:\Program Files\Android\Android Studio\jre\bin;C:\WINDOWS\SYSTEM32;C:\Program Files\Avast Software\Avast;C:\WINDOWS\WinSxS\amd64_microsoft.windows.common-controls_6595b64144ccf1df_6.0.22621.1635_none_270f70857386168e;C:\Program Files (x86)\360\Total Security\safemon;C:\Program Files\Android\Android Studio\jre\bin\server

VM Arguments:
java_command: org.jetbrains.kotlin.cli.jvm.K2JVMCompiler @G:\Task1\build\app\20230923_18239468853886064362.compiler.options
java_class_path (initial): C:\Users\Dell\.gradle\caches\modules-2\files-2.1\org.jetbrains.kotlin\kotlin-compiler-embeddable\1.7.10\909803167c98606fcf22b4c848647c68e351d48d\kotlin-compiler-embeddable-1.7.10.jar;C:\Users\Dell\.gradle\caches\modules-2\files-2.1\org.jetbrains.kotlin\kotlin-reflect\1.7.10\165e600dfea6185cf5efa700756294cc4904dbeb\kotlin-reflect-1.7.10.jar;C:\Users\Dell\.gradle\caches\modules-2\files-2.1\org.jetbrains.kotlin\kotlin-stdlib\1.7.10\d2abf9e77736acc4450dc4a3f707fa2c10f5099d\kotlin-stdlib-1.7.10.jar;C:\Users\Dell\.gradle\caches\modules-2\files-2.1\org.jetbrains.kotlin\kotlin-script-runtime\1.7.10\c99c87a6988d8fd8d5142e9ed5c9f34a7cf561ee\kotlin-script-runtime-1.7.10.jar;C:\Users\Dell\.gradle\caches\modules-2\files-2.1\org.jetbrains.kotlin\kotlin-daemon-embeddable\1.7.10\3a9f7aef7080d3ae63126cbba4f827ed664f32fa\kotlin-daemon-embeddable-1.7.10.jar;C:\Users\Dell\.gradle\caches\modules-2\files-2.1\org.jetbrains.intellij.deps\trove4j\1.0.20200330\3afb14d5f9ceb459d724e907a21145e8ff394f02\trove4j-1.0.20200330.jar;C:\Users\Dell\.gradle\caches\modules-2\files-2.1\net.java.dev.jna\jna\5.6.0\330f2244e9030119ab3030fc3fededc86713d9cc\jna-5.6.0.jar;C:\Users\Dell\.gradle\caches\modules-2\files-2.1\org.jetbrains.kotlin\kotlin-stdlib-common\1.7.10\bac80c520d0a9e3f3673bc2658c6ed02ef45a76a\kotlin-stdlib-common-1.7.10.jar;C:\Users\Dell\.gradle\caches\modules-2\files-2.1\org.jetbrains\annotations\13.0\919f0dfe192fb4e063e7dacadee7f8bb9a2672a9\annotations-13.0.jar
Launcher Type: SUN_STANDARD

[Global flags]
     intx CICompilerCount                          = 4                                         {product} {ergonomic}
     uint ConcGCThreads                            = 2                                         {product} {ergonomic}
     uint G1ConcRefinementThreads                  = 8                                         {product} {ergonomic}
   size_t G1HeapRegionSize                         = 1048576                                   {product} {ergonomic}
    uintx GCDrainStackTargetSize                   = 64                                        {product} {ergonomic}
   size_t InitialHeapSize                          = 268435456                                 {product} {ergonomic}
   size_t MarkStackSize                            = 4194304                                   {product} {ergonomic}
   size_t MaxHeapSize                              = 4263510016                                {product} {ergonomic}
   size_t MinHeapDeltaBytes                        = 1048576                                   {product} {ergonomic}
    uintx NonNMethodCodeHeapSize                   = 5836300                                {pd product} {ergonomic}
    uintx NonProfiledCodeHeapSize                  = 122910970                              {pd product} {ergonomic}
    uintx ProfiledCodeHeapSize                     = 122910970                              {pd product} {ergonomic}
    uintx ReservedCodeCacheSize                    = 251658240                              {pd product} {ergonomic}
     bool SegmentedCodeCache                       = true                                      {product} {ergonomic}
     bool UseCompressedClassPointers               = true                                 {lp64_product} {ergonomic}
     bool UseCompressedOops                        = true                                 {lp64_product} {ergonomic}
     bool UseG1GC                                  = true                                      {product} {ergonomic}
     bool UseLargePagesIndividualAllocation        = false                                  {pd product} {ergonomic}

Logging:
Log output configuration:
 #0: stdout all=warning uptime,level,tags
 #1: stderr all=off uptime,level,tags

Environment Variables:
JAVA_HOME=C:\Program Files\Android\Android Studio\jre
CLASSPATH=G:\Task1\android\\gradle\wrapper\gradle-wrapper.jar
PATH=C:\Program Files\Eclipse Adoptium\jdk-17.0.6.10-hotspot\bin;G:\oracle\product\10.2.0\db_8\bin;G:\oracle\product\10.2.0\db_7\bin;G:\oracle\product\10.2.0\db_6\bin;G:\oracle\product\10.2.0\db_1\bin;C:\Program Files\Common Files\Oracle\Java\javapath;C:\Program Files (x86)\Common Files\Oracle\Java\javapath;C:\Windows\system32;C:\Windows;C:\Windows\System32\Wbem;C:\Windows\System32\WindowsPowerShell\v1.0\;C:\Windows\System32\OpenSSH\;C:\Program Files (x86)\NVIDIA Corporation\PhysX\Common;C:\WINDOWS\system32;C:\WINDOWS;C:\WINDOWS\System32\Wbem;C:\WINDOWS\System32\WindowsPowerShell\v1.0\;C:\WINDOWS\System32\OpenSSH\;C:\Program Files (x86)\Windows Live\Shared;G:\MEGA11;C:\src\flutter\bin;C:\Program Files\Git\cmd;C:\Program Files\Microsoft SQL Server\130\Tools\Binn\;C:\Program Files\Java\jdk-17.0.1\bin;C:\Users\Dell\AppData\Local\Pub\Cache\bin;C:\Users\Dell\AppData\Roaming\Microsoft\Windows\Start Menu\Programs\Python 3.8;C:\Users\Dell\AppData\Local\Microsoft\WindowsApps\python3.11.exe;C:\Program Files\nodejs\;C:\Users\Dell\AppData\Local\Pub\Cache\bin;C:\src\flutter\bin;C:\tools\dart-sdk\bin;F:\Downloads\gradle-7.5.1-bin\gradle-7.5.1\bin;C:\Users\Dell\AppData\Local\Android\Sdk;C:\Program Files\Java\jdk-15;C:\Program Files\Android\Android Studio2\jre\bin;C:\Program Files (x86)\Java\jre1.8.0_351;F:\Downloads\dartsdk-windows-x64-release\dart-sdk;C:\moe2014\bin;C:\Users\Dell\AppData\Local\Microsoft\WindowsApps;C:\Program Files\JetBrains\PyCharm 2022.3\bin;;C:\tools\dart-sdk\bin;C:\src\flutter\bin\cache\dart-sdk\bin\dart;C:\Users\Dell\AppData\Local\Programs\Microsoft VS Code\bin;C:\Users\Dell\AppData\Roaming\Microsoft\Windows\Start Menu\Programs\Python 3.8;C:\Users\Dell\AppData\Roaming\Microsoft\Windows\Start Menu\Programs\Python 3.8;C:\Users\Dell\AppData\Local\Microsoft\WindowsApps\python3.11.exe;C:\Users\Dell\AppData\Roaming\npm;C:\src\flutter\bin\mingit\cmd
USERNAME=Dell
OS=Windows_NT
PROCESSOR_IDENTIFIER=Intel64 Family 6 Model 142 Stepping 12, GenuineIntel



---------------  S Y S T E M  ---------------

OS: Windows 11 , 64 bit Build 22621 (10.0.22621.1928)
OS uptime: 0 days 1:15 hours

CPU:total 8 (initial active 8) (4 cores per cpu, 2 threads per core) family 6 model 142 stepping 12 microcode 0xde, cmov, cx8, fxsr, mmx, sse, sse2, sse3, ssse3, sse4.1, sse4.2, popcnt, avx, avx2, aes, clmul, erms, 3dnowpref, lzcnt, ht, tsc, tscinvbit, bmi1, bmi2, adx, fma

Memory: 4k page, system-wide physical 16257M (2096M free)
TotalPageFile size 17729M (AvailPageFile size 205M)
current process WorkingSet (physical memory assigned to process): 12M, peak: 12M
current process commit charge ("private bytes"): 61M, peak: 317M

vm_info: OpenJDK 64-Bit Server VM (11.0.13+0-b1751.21-8125866) for windows-amd64 JRE (11.0.13+0-b1751.21-8125866), built on Feb  2 2022 03:00:22 by "builder" with MS VC++ 14.0 (VS2015)

END.
